AAPL signal: [32mBUY[0m at 253.84249877929688
AAPL signal: [32mBUY[0m at 253.7100067138672
AAPL signal: [31mSELL[0m at 253.4600067138672
AAPL signal: [31mSELL[0m at 253.47000122070312
AAPL signal: [32mBUY[0m at 253.85000610351562
AAPL signal: [32mBUY[0m at 253.66000366210938
AAPL signal: [32mBUY[0m at 253.7100067138672
AAPL signal: [31mSELL[0m at 253.27999877929688
AAPL signal: [31mSELL[0m at 253.33999633789062
AAPL signal: [31mSELL[0m at 253.30999755859375
AAPL signal: [32mBUY[0m at 254.02999877929688
AAPL signal: [32mBUY[0m at 254.27000427246094
AAPL signal: [32mBUY[0m at 254.41000366210938
AAPL signal: [31mSELL[0m at 253.9499969482422
AAPL signal: [31mSELL[0m at 253.99000549316406
AAPL signal: [31mSELL[0m at 254.19000244140625
AAPL signal: [32mBUY[0m at 254.27000427246094
AAPL signal: [32mBUY[0m at 254.39999389648438
AAPL signal: [32mBUY[0m at 254.35000610351562
AAPL signal: [31mSELL[0m at 254.2183074951172
AAPL signal: [31mSELL[0m at 254.22000122070312
AAPL signal: [31mSELL[0m at 254.7899932861328
AAPL signal: [32mBUY[0m at 254.19000244140625
AAPL signal: [32mBUY[0m at 254.14999389648438
AAPL signal: [32mBUY[0m at 253.99220275878906
MSFT signal: [32mBUY[0m at 514.7000122070312
MSFT signal: [31mSELL[0m at 514.6400146484375
MSFT signal: [32mBUY[0m at 514.1900024414062
MSFT signal: [31mSELL[0m at 514.3599853515625
MSFT signal: [32mBUY[0m at 514.4600219726562
MSFT signal: [31mSELL[0m at 514.02001953125
MSFT signal: [32mBUY[0m at 515.6296997070312
MSFT signal: [31mSELL[0m at 515.864990234375
MSFT signal: [32mBUY[0m at 515.7100219726562
MSFT signal: [31mSELL[0m at 515.47998046875
MSFT signal: [32mBUY[0m at 515.9401245117188
TSLA signal: [32mBUY[0m at 441.6199951171875
TSLA signal: [32mBUY[0m at 442.04998779296875
TSLA signal: [31mSELL[0m at 440.20001220703125
TSLA signal: [31mSELL[0m at 440.9800109863281
TSLA signal: [32mBUY[0m at 442.07000732421875
TSLA signal: [32mBUY[0m at 441.8900146484375
TSLA signal: [31mSELL[0m at 442.3747863769531
TSLA signal: [31mSELL[0m at 441.5101013183594
